 42 =  5  2 neighbors= 34  50  41  43
 60 =  7  4 neighbors= 52   4  59  61
 62 =  7  6 neighbors= 54   6  61  63
  0 =  0  0 neighbors= 56   8   7   1
  1 =  0  1 neighbors= 57   9   0   2
  2 =  0  2 neighbors= 58  10   1   3
  3 =  0  3 neighbors= 59  11   2   4
  4 =  0  4 neighbors= 60  12   3   5
  5 =  0  5 neighbors= 61  13   4   6
  6 =  0  6 neighbors= 62  14   5   7
  9 =  1  1 neighbors=  1  17   8  10
 10 =  1  2 neighbors=  2  18   9  11
 11 =  1  3 neighbors=  3  19  10  12
 12 =  1  4 neighbors=  4  20  11  13
 13 =  1  5 neighbors=  5  21  12  14
 14 =  1  6 neighbors=  6  22  13  15
 15 =  1  7 neighbors=  7  23  14   8
 16 =  2  0 neighbors=  8  24  23  17
 17 =  2  1 neighbors=  9  25  16  18
 18 =  2  2 neighbors= 10  26  17  19
 19 =  2  3 neighbors= 11  27  18  20
 20 =  2  4 neighbors= 12  28  19  21
 21 =  2  5 neighbors= 13  29  20  22
 22 =  2  6 neighbors= 14  30  21  23
 23 =  2  7 neighbors= 15  31  22  16
 24 =  3  0 neighbors= 16  32  31  25
 25 =  3  1 neighbors= 17  33  24  26
 26 =  3  2 neighbors= 18  34  25  27
 27 =  3  3 neighbors= 19  35  26  28
 28 =  3  4 neighbors= 20  36  27  29
 29 =  3  5 neighbors= 21  37  28  30
 30 =  3  6 neighbors= 22  38  29  31
 32 =  4  0 neighbors= 24  40  39  33
 33 =  4  1 neighbors= 25  41  32  34
 34 =  4  2 neighbors= 26  42  33  35
 35 =  4  3 neighbors= 27  43  34  36
 36 =  4  4 neighbors= 28  44  35  37
 37 =  4  5 neighbors= 29  45  36  38
 38 =  4  6 neighbors= 30  46  37  39
 39 =  4  7 neighbors= 31  47  38  32
 40 =  5  0 neighbors= 32  48  47  41
 41 =  5  1 neighbors= 33  49  40  42
 43 =  5  3 neighbors= 35  51  42  44
 44 =  5  4 neighbors= 36  52  43  45
 45 =  5  5 neighbors= 37  53  44  46
 46 =  5  6 neighbors= 38  54  45  47
 47 =  5  7 neighbors= 39  55  46  40
 48 =  6  0 neighbors= 40  56  55  49
 49 =  6  1 neighbors= 41  57  48  50
 50 =  6  2 neighbors= 42  58  49  51
 51 =  6  3 neighbors= 43  59  50  52
 52 =  6  4 neighbors= 44  60  51  53
 53 =  6  5 neighbors= 45  61  52  54
 54 =  6  6 neighbors= 46  62  53  55
 55 =  6  7 neighbors= 47  63  54  48
 57 =  7  1 neighbors= 49   1  56  58
 58 =  7  2 neighbors= 50   2  57  59
 59 =  7  3 neighbors= 51   3  58  60
 61 =  7  5 neighbors= 53   5  60  62
 63 =  7  7 neighbors= 55   7  62  56
  7 =  0  7 neighbors= 63  15   6   0
  8 =  1  0 neighbors=  0  16  15   9
 31 =  3  7 neighbors= 23  39  30  24
 56 =  7  0 neighbors= 48   0  63  57
